<?xml version="1.0" encoding="UTF-8"?>
<!-- Generated by org.testng.reporters.JUnitReportReporter -->
<testsuite hostname="DESKTOP-6JJ41M2" name="JUNIT.Testng" tests="1" failures="0" timestamp="13 May 2017 03:33:50 GMT" time="6.048" errors="0">
  <testcase name="verifyTitle" time="6.048" classname="JUNIT.Testng"/>
</testsuite> <!-- JUNIT.Testng -->
